[debug] [2022-03-06T20:28:36.947Z] ----------------------------------------------------------------------
[debug] [2022-03-06T20:28:36.951Z] Command:       C:\Program Files\nodejs\node.exe C:\Users\hp\Desktop\React\pc-quote\node_modules\firebase-tools\lib\bin\firebase.js init
[debug] [2022-03-06T20:28:36.952Z] CLI Version:   10.2.2
[debug] [2022-03-06T20:28:36.953Z] Platform:      win32
[debug] [2022-03-06T20:28:36.953Z] Node Version:  v16.13.1
[debug] [2022-03-06T20:28:36.955Z] Time:          Sun Mar 06 2022 20:28:36 GMT+0000 (Greenwich Mean Time)
[debug] [2022-03-06T20:28:36.956Z] ----------------------------------------------------------------------
[debug] 
[debug] [2022-03-06T20:28:36.969Z] > command requires scopes: ["email","openid","https://www.googleapis.com/auth/cloudplatformprojects.readonly","https://www.googleapis.com/auth/firebase","https://www.googleapis.com/auth/cloud-platform"]
[debug] [2022-03-06T20:28:36.969Z] > authorizing via signed-in user (absiddique1012@gmail.com)
[info] 
     ######## #### ########  ######## ########     ###     ######  ########
     ##        ##  ##     ## ##       ##     ##  ##   ##  ##       ##
     ######    ##  ########  ######   ########  #########  ######  ######
     ##        ##  ##    ##  ##       ##     ## ##     ##       ## ##
     ##       #### ##     ## ######## ########  ##     ##  ######  ########

You're about to initialize a Firebase project in this directory:

  C:\Users\hp\Desktop\React\pc-quote

[info] 
=== Project Setup
[info] 
[info] First, let's associate this project directory with a Firebase project.
[info] You can create multiple project aliases by running firebase use --add, 
[info] but for now we'll just set up a default project.
[info] 
[debug] [2022-03-06T20:28:50.243Z] >>> [apiv2][query] GET https://firebase.googleapis.com/v1beta1/projects pageSize=100
[debug] [2022-03-06T20:29:01.333Z] Failed to make request to https://firebase.googleapis.com/v1beta1/projects?pageSize=100
[debug] [2022-03-06T20:29:01.480Z] FirebaseError: Failed to make request to https://firebase.googleapis.com/v1beta1/projects?pageSize=100
    at RetryOperation._fn (C:\Users\hp\Desktop\React\pc-quote\node_modules\firebase-tools\lib\apiv2.js:240:31)
    at processTicksAndRejections (node:internal/process/task_queues:96:5)
[error] 
[error] Error: Failed to list Firebase projects. See firebase-debug.log for more info.
[debug] [2022-03-06T20:37:01.708Z] ----------------------------------------------------------------------
[debug] [2022-03-06T20:37:01.710Z] Command:       C:\Program Files\nodejs\node.exe C:\Users\hp\AppData\Roaming\npm\node_modules\firebase-tools\lib\bin\firebase.js init
[debug] [2022-03-06T20:37:01.711Z] CLI Version:   10.2.2
[debug] [2022-03-06T20:37:01.711Z] Platform:      win32
[debug] [2022-03-06T20:37:01.711Z] Node Version:  v16.13.1
[debug] [2022-03-06T20:37:01.712Z] Time:          Sun Mar 06 2022 20:37:01 GMT+0000 (Greenwich Mean Time)
[debug] [2022-03-06T20:37:01.713Z] ----------------------------------------------------------------------
[debug] 
[debug] [2022-03-06T20:37:01.723Z] > command requires scopes: ["email","openid","https://www.googleapis.com/auth/cloudplatformprojects.readonly","https://www.googleapis.com/auth/firebase","https://www.googleapis.com/auth/cloud-platform"]
[debug] [2022-03-06T20:37:01.723Z] > authorizing via signed-in user (absiddique1012@gmail.com)
[info] 
     ######## #### ########  ######## ########     ###     ######  ########
     ##        ##  ##     ## ##       ##     ##  ##   ##  ##       ##
     ######    ##  ########  ######   ########  #########  ######  ######
     ##        ##  ##    ##  ##       ##     ## ##     ##       ## ##
     ##       #### ##     ## ######## ########  ##     ##  ######  ########

You're about to initialize a Firebase project in this directory:

  C:\Users\hp\Desktop\React\pc-quote

[info] 
=== Project Setup
[info] 
[info] First, let's associate this project directory with a Firebase project.
[info] You can create multiple project aliases by running firebase use --add, 
[info] but for now we'll just set up a default project.
[info] 
[debug] [2022-03-06T20:37:11.731Z] >>> [apiv2][query] GET https://firebase.googleapis.com/v1beta1/projects pageSize=100
[debug] [2022-03-06T20:37:12.375Z] <<< [apiv2][status] GET https://firebase.googleapis.com/v1beta1/projects 200
[debug] [2022-03-06T20:37:12.375Z] <<< [apiv2][body] GET https://firebase.googleapis.com/v1beta1/projects [omitted]
[info] i  Using project cost-calculator-48bee (Cost Calculator) 
[info] 
=== Hosting Setup
[info] 
[info] Your public directory is the folder (relative to your project directory) that
[info] will contain Hosting assets to be uploaded with firebase deploy. If you
[info] have a build process for your assets, use your build's output directory.
[info] 
[info] +  Wrote Y/404.html 
[debug] [2022-03-06T20:37:33.385Z] >>> [apiv2][query] GET https://www.gstatic.com/firebasejs/releases.json [none]
[debug] [2022-03-06T20:37:33.726Z] <<< [apiv2][status] GET https://www.gstatic.com/firebasejs/releases.json 200
[debug] [2022-03-06T20:37:33.726Z] <<< [apiv2][body] GET https://www.gstatic.com/firebasejs/releases.json {"current":{"version":"9.6.8","browserURL":"https://www.gstatic.com/firebasejs/9.6.8/firebase.js","packageURL":"https://www.gstatic.com/firebasejs/9.6.8/firebase.tgz"},"live":{"version":"9.6","browserURL":"https://www.gstatic.com/firebasejs/live/9.6/firebase.js","packageURL":"https://www.gstatic.com/firebasejs/live/9.6/firebase.tgz"},"components":{"analytics":"https://www.gstatic.com/firebasejs/9.6.8/firebase-analytics.js","app":"https://www.gstatic.com/firebasejs/9.6.8/firebase-app.js","app-check":"https://www.gstatic.com/firebasejs/9.6.8/firebase-app-check.js","auth":"https://www.gstatic.com/firebasejs/9.6.8/firebase-auth.js","auth/cordova":"https://www.gstatic.com/firebasejs/9.6.8/firebase-auth/cordova.js","auth/react-native":"https://www.gstatic.com/firebasejs/9.6.8/firebase-auth/react-native.js","functions":"https://www.gstatic.com/firebasejs/9.6.8/firebase-functions.js","firestore":"https://www.gstatic.com/firebasejs/9.6.8/firebase-firestore.js","firestore/lite":"https://www.gstatic.com/firebasejs/9.6.8/firebase-firestore/lite.js","storage":"https://www.gstatic.com/firebasejs/9.6.8/firebase-storage.js","performance":"https://www.gstatic.com/firebasejs/9.6.8/firebase-performance.js","remote-config":"https://www.gstatic.com/firebasejs/9.6.8/firebase-remote-config.js","messaging":"https://www.gstatic.com/firebasejs/9.6.8/firebase-messaging.js","messaging/sw":"https://www.gstatic.com/firebasejs/9.6.8/firebase-messaging/sw.js","database":"https://www.gstatic.com/firebasejs/9.6.8/firebase-database.js","firestore.memory":"https://www.gstatic.com/firebasejs/9.6.8/firebase-firestore.memory.js"}}
[info] +  Wrote Y/index.html 
[info] 
[info] i  Didn't detect a .git folder. Assuming C:\Users\hp\Desktop\React\pc-quote is the project root. 
[info] i  Authorizing with GitHub to upload your service account to a GitHub repository's secrets store. 
[info] 
[info] Visit this URL on this device to log in:
[info] https://github.com/login/oauth/authorize?client_id=89cf50f02ac6aaed3484&state=541258966&redirect_uri=http%3A%2F%2Flocalhost%3A9005&scope=read%3Auser%20repo%20public_repo
[info] 
[info] Waiting for authentication...
[debug] [2022-03-06T20:38:14.398Z] >>> HTTP REQUEST POST https://github.com/login/oauth/access_token  
 {"client_id":"89cf50f02ac6aaed3484","client_secret":"3330d14abc895d9a74d5f17cd7a00711fa2c5bf0","code":"fb279abbebcecff164cf","redirect_uri":"http://localhost:9005","state":"541258966"}
[debug] [2022-03-06T20:38:15.141Z] <<< HTTP RESPONSE 200 {"server":"GitHub.com","date":"Sun, 06 Mar 2022 20:38:15 GMT","content-type":"application/json; charset=utf-8","transfer-encoding":"chunked","vary":"X-PJAX, X-PJAX-Container, Accept-Encoding, Accept, X-Requested-With","permissions-policy":"interest-cohort=()","etag":"W/\"b021943bac8bc61d5b19cc3d06c1f4d9\"","cache-control":"max-age=0, private, must-revalidate","strict-transport-security":"max-age=31536000; includeSubdomains; preload","x-frame-options":"deny","x-content-type-options":"nosniff","x-xss-protection":"0","referrer-policy":"origin-when-cross-origin, strict-origin-when-cross-origin","expect-ct":"max-age=2592000, report-uri=\"https://api.github.com/_private/browser/errors\"","content-security-policy":"default-src 'none'; base-uri 'self'; block-all-mixed-content; child-src github.com/assets-cdn/worker/ gist.github.com/assets-cdn/worker/; connect-src 'self' uploads.github.com objects-origin.githubusercontent.com www.githubstatus.com collector.githubapp.com collector.github.com api.github.com github-cloud.s3.amazonaws.com github-production-repository-file-5c1aeb.s3.amazonaws.com github-production-upload-manifest-file-7fdce7.s3.amazonaws.com github-production-user-asset-6210df.s3.amazonaws.com cdn.optimizely.com logx.optimizely.com/v1/events translator.github.com wss://alive.github.com; font-src github.githubassets.com; form-action 'self' github.com gist.github.com objects-origin.githubusercontent.com; frame-ancestors 'none'; frame-src render.githubusercontent.com viewscreen.githubusercontent.com notebooks.githubusercontent.com; img-src 'self' data: github.githubassets.com identicons.github.com collector.githubapp.com collector.github.com github-cloud.s3.amazonaws.com secured-user-images.githubusercontent.com/ *.githubusercontent.com; manifest-src 'self'; media-src github.com user-images.githubusercontent.com/; script-src github.githubassets.com; style-src 'unsafe-inline' github.githubassets.com; worker-src github.com/assets-cdn/worker/ gist.github.com/assets-cdn/worker/","x-github-request-id":"92C6:10A18:554CE8:59F4EA:62251BB7"}
[debug] [2022-03-06T20:38:15.151Z] >>> [apiv2][query] GET https://api.github.com/user [none]
[debug] [2022-03-06T20:38:15.721Z] <<< [apiv2][status] GET https://api.github.com/user 200
[debug] [2022-03-06T20:38:15.721Z] <<< [apiv2][body] GET https://api.github.com/user {"login":"Siddique11","id":35004510,"node_id":"MDQ6VXNlcjM1MDA0NTEw","avatar_url":"https://avatars.githubusercontent.com/u/35004510?v=4","gravatar_id":"","url":"https://api.github.com/users/Siddique11","html_url":"https://github.com/Siddique11","followers_url":"https://api.github.com/users/Siddique11/followers","following_url":"https://api.github.com/users/Siddique11/following{/other_user}","gists_url":"https://api.github.com/users/Siddique11/gists{/gist_id}","starred_url":"https://api.github.com/users/Siddique11/starred{/owner}{/repo}","subscriptions_url":"https://api.github.com/users/Siddique11/subscriptions","organizations_url":"https://api.github.com/users/Siddique11/orgs","repos_url":"https://api.github.com/users/Siddique11/repos","events_url":"https://api.github.com/users/Siddique11/events{/privacy}","received_events_url":"https://api.github.com/users/Siddique11/received_events","type":"User","site_admin":false,"name":"Abu Bakar Siddique","company":null,"blog":"","location":null,"email":null,"hireable":null,"bio":null,"twitter_username":null,"public_repos":20,"public_gists":0,"followers":0,"following":3,"created_at":"2018-01-01T15:46:23Z","updated_at":"2022-02-08T22:12:22Z","private_gists":0,"total_private_repos":0,"owned_private_repos":0,"disk_usage":13515,"collaborators":0,"two_factor_authentication":false,"plan":{"name":"free","space":976562499,"collaborators":0,"private_repos":10000}}
[info] 
[info] +  Success! Logged into GitHub as Siddique11 
[info] 
[debug] [2022-03-06T20:38:27.576Z] >>> [apiv2][query] GET https://api.github.com/repos/y/actions/secrets/public-key type=owner
[debug] [2022-03-06T20:38:28.137Z] <<< [apiv2][status] GET https://api.github.com/repos/y/actions/secrets/public-key 404
[debug] [2022-03-06T20:38:28.137Z] <<< [apiv2][body] GET https://api.github.com/repos/y/actions/secrets/public-key {"message":"Not Found","documentation_url":"https://docs.github.com/rest"}
[debug] [2022-03-06T20:38:35.259Z] >>> [apiv2][query] GET https://api.github.com/repos/y/actions/secrets/public-key type=owner
[debug] [2022-03-06T20:38:37.306Z] <<< [apiv2][status] GET https://api.github.com/repos/y/actions/secrets/public-key 404
[debug] [2022-03-06T20:38:37.306Z] <<< [apiv2][body] GET https://api.github.com/repos/y/actions/secrets/public-key {"message":"Not Found","documentation_url":"https://docs.github.com/rest"}
